Library/Bee/Android/Prj/IL2CPP/Gradle/launcher/build/intermediates/manifest_merge_blame_file/release/manifest-merger-blame-release-report.txt
1<?xml version="1.0" encoding="utf-8"?>
2<manifest xmlns:android="http://schemas.android.com/apk/res/android"
3    package="com.Pia_Schroeter.BachelorThesisGame"
4    android:installLocation="preferExternal"
5    android:versionCode="1"
6    android:versionName="1.0.2" >
7
8    <uses-sdk
9        android:minSdkVersion="31"
9-->src/main/AndroidManifest.xml
10        android:targetSdkVersion="33" />
10-->src/main/AndroidManifest.xml
11
12    <supports-screens
12-->src/main/AndroidManifest.xml:3:3-163
13        android:anyDensity="true"
13-->src/main/AndroidManifest.xml:3:135-160
14        android:largeScreens="true"
14-->src/main/AndroidManifest.xml:3:78-105
15        android:normalScreens="true"
15-->src/main/AndroidManifest.xml:3:49-77
16        android:smallScreens="true"
16-->src/main/AndroidManifest.xml:3:21-48
17        android:xlargeScreens="true" />
17-->src/main/AndroidManifest.xml:3:106-134
18
19    <uses-feature android:glEsVersion="0x00030000" />
19-->[:unityLibrary] AndroidManifest.xml:12:5-54
19-->[:unityLibrary] AndroidManifest.xml:12:19-51
20    <uses-feature
20-->[:unityLibrary] AndroidManifest.xml:13:5-15:36
21        android:name="android.hardware.vulkan.version"
21-->[:unityLibrary] AndroidManifest.xml:14:9-55
22        android:required="false" />
22-->[:unityLibrary] AndroidManifest.xml:15:9-33
23
24    <uses-permission android:name="android.permission.INTERNET" />
24-->[:unityLibrary] AndroidManifest.xml:17:5-67
24-->[:unityLibrary] AndroidManifest.xml:17:22-64
25    <uses-permission android:name="android.permission.ACCESS_NETWORK_STATE" />
25-->[:unityLibrary] AndroidManifest.xml:18:5-79
25-->[:unityLibrary] AndroidManifest.xml:18:22-76
26
27    <uses-feature
27-->[:unityLibrary] AndroidManifest.xml:20:5-22:36
28        android:name="android.hardware.touchscreen"
28-->[:unityLibrary] AndroidManifest.xml:21:9-52
29        android:required="false" />
29-->[:unityLibrary] AndroidManifest.xml:22:9-33
30    <uses-feature
30-->[:unityLibrary] AndroidManifest.xml:23:5-25:36
31        android:name="android.hardware.touchscreen.multitouch"
31-->[:unityLibrary] AndroidManifest.xml:24:9-63
32        android:required="false" />
32-->[:unityLibrary] AndroidManifest.xml:25:9-33
33    <uses-feature
33-->[:unityLibrary] AndroidManifest.xml:26:5-28:36
34        android:name="android.hardware.touchscreen.multitouch.distinct"
34-->[:unityLibrary] AndroidManifest.xml:27:9-72
35        android:required="false" />
35-->[:unityLibrary] AndroidManifest.xml:28:9-33
36
37    <uses-permission android:name="android.permission.POST_NOTIFICATIONS" />
37-->[:unityLibrary] AndroidManifest.xml:30:5-77
37-->[:unityLibrary] AndroidManifest.xml:30:22-74
38    <uses-permission android:name="android.permission.VIBRATE" />
38-->[:unityLibrary] AndroidManifest.xml:31:5-66
38-->[:unityLibrary] AndroidManifest.xml:31:22-63
39    <uses-permission android:name="android.permission.BLUETOOTH" />
39-->[:unityLibrary] AndroidManifest.xml:32:5-68
39-->[:unityLibrary] AndroidManifest.xml:32:22-65
40    <uses-permission android:name="android.permission.BLUETOOTH_ADMIN" />
40-->[:unityLibrary] AndroidManifest.xml:33:5-74
40-->[:unityLibrary] AndroidManifest.xml:33:22-71
41    <uses-permission android:name="android.permission.ACCESS_COARSE_LOCATION" />
41-->[:unityLibrary] AndroidManifest.xml:34:5-81
41-->[:unityLibrary] AndroidManifest.xml:34:22-78
42    <uses-permission android:name="android.permission.ACCESS_FINE_LOCATION" />
42-->[:unityLibrary] AndroidManifest.xml:35:5-79
42-->[:unityLibrary] AndroidManifest.xml:35:22-76
43    <uses-permission android:name="android.permission.BLUETOOTH_CONNECT" />
43-->[:unityLibrary] AndroidManifest.xml:36:5-76
43-->[:unityLibrary] AndroidManifest.xml:36:22-73
44    <uses-permission android:name="android.permission.BLUETOOTH_SCAN" />
44-->[:unityLibrary] AndroidManifest.xml:37:5-73
44-->[:unityLibrary] AndroidManifest.xml:37:22-70
45
46    <permission
46-->[androidx.core:core:1.9.0] AndroidManifest.xml:22:5-24:47
47        android:name="com.Pia_Schroeter.BachelorThesisGame.DYNAMIC_RECEIVER_NOT_EXPORTED_PERMISSION"
47-->[androidx.core:core:1.9.0] AndroidManifest.xml:23:9-81
48        android:protectionLevel="signature" />
48-->[androidx.core:core:1.9.0] AndroidManifest.xml:24:9-44
49
50    <uses-permission android:name="com.Pia_Schroeter.BachelorThesisGame.DYNAMIC_RECEIVER_NOT_EXPORTED_PERMISSION" />
50-->[androidx.core:core:1.9.0] AndroidManifest.xml:26:5-97
50-->[androidx.core:core:1.9.0] AndroidManifest.xml:26:22-94
51
52    <application
52-->src/main/AndroidManifest.xml:4:3-83
53        android:appComponentFactory="androidx.core.app.CoreComponentFactory"
53-->[androidx.core:core:1.9.0] AndroidManifest.xml:28:18-86
54        android:extractNativeLibs="true"
54-->[:unityLibrary] AndroidManifest.xml:39:18-50
55        android:icon="@mipmap/app_icon"
55-->src/main/AndroidManifest.xml:4:49-80
56        android:label="@string/app_name" >
56-->src/main/AndroidManifest.xml:4:16-48
57        <activity
57-->[:unityLibrary] AndroidManifest.xml:40:9-62:20
58            android:name="com.unity3d.player.UnityPlayerActivity"
58-->[:unityLibrary] AndroidManifest.xml:41:13-66
59            android:configChanges="mcc|mnc|locale|touchscreen|keyboard|keyboardHidden|navigation|orientation|screenLayout|uiMode|screenSize|smallestScreenSize|fontScale|layoutDirection|density"
59-->[:unityLibrary] AndroidManifest.xml:42:13-194
60            android:exported="true"
60-->[:unityLibrary] AndroidManifest.xml:43:13-36
61            android:hardwareAccelerated="false"
61-->[:unityLibrary] AndroidManifest.xml:44:13-48
62            android:launchMode="singleTask"
62-->[:unityLibrary] AndroidManifest.xml:45:13-44
63            android:resizeableActivity="false"
63-->[:unityLibrary] AndroidManifest.xml:46:13-47
64            android:screenOrientation="portrait"
64-->[:unityLibrary] AndroidManifest.xml:47:13-49
65            android:theme="@style/UnityThemeSelector" >
65-->[:unityLibrary] AndroidManifest.xml:48:13-54
66            <intent-filter>
66-->[:unityLibrary] AndroidManifest.xml:49:13-54:29
67                <action android:name="android.intent.action.TTS_SERVICE" />
67-->[:unityLibrary] AndroidManifest.xml:50:17-76
67-->[:unityLibrary] AndroidManifest.xml:50:25-73
68                <action android:name="android.intent.action.MAIN" />
68-->[:unityLibrary] AndroidManifest.xml:51:17-69
68-->[:unityLibrary] AndroidManifest.xml:51:25-66
69
70                <category android:name="android.intent.category.LAUNCHER" />
70-->[:unityLibrary] AndroidManifest.xml:53:17-77
70-->[:unityLibrary] AndroidManifest.xml:53:27-74
71            </intent-filter>
72
73            <meta-data
73-->[:unityLibrary] AndroidManifest.xml:56:13-58:40
74                android:name="unityplayer.UnityActivity"
74-->[:unityLibrary] AndroidManifest.xml:57:17-57
75                android:value="true" />
75-->[:unityLibrary] AndroidManifest.xml:58:17-37
76            <meta-data
76-->[:unityLibrary] AndroidManifest.xml:59:13-61:40
77                android:name="android.notch_support"
77-->[:unityLibrary] AndroidManifest.xml:60:17-53
78                android:value="true" />
78-->[:unityLibrary] AndroidManifest.xml:61:17-37
79        </activity>
80
81        <meta-data
81-->[:unityLibrary] AndroidManifest.xml:64:9-66:33
82            android:name="unity.splash-mode"
82-->[:unityLibrary] AndroidManifest.xml:65:13-45
83            android:value="0" />
83-->[:unityLibrary] AndroidManifest.xml:66:13-30
84        <meta-data
84-->[:unityLibrary] AndroidManifest.xml:67:9-69:36
85            android:name="unity.splash-enable"
85-->[:unityLibrary] AndroidManifest.xml:68:13-47
86            android:value="True" />
86-->[:unityLibrary] AndroidManifest.xml:69:13-33
87        <meta-data
87-->[:unityLibrary] AndroidManifest.xml:70:9-72:36
88            android:name="unity.launch-fullscreen"
88-->[:unityLibrary] AndroidManifest.xml:71:13-51
89            android:value="True" />
89-->[:unityLibrary] AndroidManifest.xml:72:13-33
90        <meta-data
90-->[:unityLibrary] AndroidManifest.xml:73:9-75:37
91            android:name="unity.allow-resizable-window"
91-->[:unityLibrary] AndroidManifest.xml:74:13-56
92            android:value="False" />
92-->[:unityLibrary] AndroidManifest.xml:75:13-34
93        <meta-data
93-->[:unityLibrary] AndroidManifest.xml:76:9-78:50
94            android:name="notch.config"
94-->[:unityLibrary] AndroidManifest.xml:77:13-40
95            android:value="portrait|landscape" />
95-->[:unityLibrary] AndroidManifest.xml:78:13-47
96
97        <receiver
97-->[:unityLibrary] AndroidManifest.xml:80:9-82:40
98            android:name="com.unity.androidnotifications.UnityNotificationManager"
98-->[:unityLibrary] AndroidManifest.xml:81:13-83
99            android:exported="false" />
99-->[:unityLibrary] AndroidManifest.xml:82:13-37
100        <receiver
100-->[:unityLibrary] AndroidManifest.xml:83:9-90:20
101            android:name="com.unity.androidnotifications.UnityNotificationRestartOnBootReceiver"
101-->[:unityLibrary] AndroidManifest.xml:84:13-97
102            android:enabled="false"
102-->[:unityLibrary] AndroidManifest.xml:85:13-36
103            android:exported="false" >
103-->[:unityLibrary] AndroidManifest.xml:86:13-37
104            <intent-filter>
104-->[:unityLibrary] AndroidManifest.xml:87:13-89:29
105                <action android:name="android.intent.action.BOOT_COMPLETED" />
105-->[:unityLibrary] AndroidManifest.xml:88:17-79
105-->[:unityLibrary] AndroidManifest.xml:88:25-76
106            </intent-filter>
107        </receiver>
108
109        <meta-data
109-->[:unityLibrary] AndroidManifest.xml:92:9-94:33
110            android:name="com.unity.androidnotifications.exact_scheduling"
110-->[:unityLibrary] AndroidManifest.xml:93:13-75
111            android:value="0" />
111-->[:unityLibrary] AndroidManifest.xml:94:13-30
112
113        <provider
113-->[androidx.emoji2:emoji2:1.2.0] AndroidManifest.xml:24:9-32:20
114            android:name="androidx.startup.InitializationProvider"
114-->[androidx.emoji2:emoji2:1.2.0] AndroidManifest.xml:25:13-67
115            android:authorities="com.Pia_Schroeter.BachelorThesisGame.androidx-startup"
115-->[androidx.emoji2:emoji2:1.2.0] AndroidManifest.xml:26:13-68
116            android:exported="false" >
116-->[androidx.emoji2:emoji2:1.2.0] AndroidManifest.xml:27:13-37
117            <meta-data
117-->[androidx.emoji2:emoji2:1.2.0] AndroidManifest.xml:29:13-31:52
118                android:name="androidx.emoji2.text.EmojiCompatInitializer"
118-->[androidx.emoji2:emoji2:1.2.0] AndroidManifest.xml:30:17-75
119                android:value="androidx.startup" />
119-->[androidx.emoji2:emoji2:1.2.0] AndroidManifest.xml:31:17-49
120            <meta-data
120-->[androidx.lifecycle:lifecycle-process:2.4.1] AndroidManifest.xml:31:13-33:52
121                android:name="androidx.lifecycle.ProcessLifecycleInitializer"
121-->[androidx.lifecycle:lifecycle-process:2.4.1] AndroidManifest.xml:32:17-78
122                android:value="androidx.startup" />
122-->[androidx.lifecycle:lifecycle-process:2.4.1] AndroidManifest.xml:33:17-49
123        </provider>
124    </application>
125
126</manifest>